<?xml version="1.0" encoding="UTF-8"?>
<!-- Generated by org.testng.reporters.JUnitXMLReporter -->
<testsuite ignored="2" hostname="DESKTOP-TMON9OT" failures="0" tests="1" name="Default test" time="67.521" errors="0" timestamp="2021-05-24T16:38:51 CLT">
  <testcase classname="qa.mobile.SeleccionDeProducto" name="seleccionMaximaDeProducto" time="52.566"/>
  <testcase classname="qa.mobile.SeleccionDeProducto" name="visualizarCatalogoDeProducto" time="0.0">
    <ignored/>
  </testcase> <!-- visualizarCatalogoDeProducto -->
  <testcase classname="qa.mobile.SeleccionDeProducto" name="validarUsuarioExistente" time="0.0">
    <ignored/>
  </testcase> <!-- validarUsuarioExistente -->
</testsuite> <!-- Default test -->
