<?xml version="1.0" encoding="UTF-8"?>
<!-- Generated by org.testng.reporters.JUnitXMLReporter -->
<testsuite ignored="0" hostname="DESKTOP-TMON9OT" failures="1" tests="1" name="Test" time="26.738" errors="0" timestamp="2021-05-19T08:52:22 CLT">
  <testcase classname="qa.mobile.test1" name="@AfterClass afterClass" time="0.0">
    <failure type="java.lang.NullPointerException" message="Cannot invoke &amp;quot;io.appium.java_client.android.AndroidDriver.quit()&amp;quot; because &amp;quot;qa.mobile.test1.driver&amp;quot; is null">
      <![CDATA[java.lang.NullPointerException: Cannot invoke "io.appium.java_client.android.AndroidDriver.quit()" because "qa.mobile.test1.driver" is null
at qa.mobile.test1.afterClass(test1.java:72)
at java.base/java.util.ArrayList.forEach(ArrayList.java:1511)
... Removed 25 stack frames]]>
    </failure>
  </testcase> <!-- @AfterClass afterClass -->
  <testcase classname="qa.mobile.test1" name="usuarioInvalido" time="4.009">
    <failure type="java.lang.NullPointerException" message="Cannot invoke &amp;quot;io.appium.java_client.android.AndroidDriver.findElementByXPath(String)&amp;quot; because &amp;quot;qa.mobile.test1.driver&amp;quot; is null">
      <![CDATA[java.lang.NullPointerException: Cannot invoke "io.appium.java_client.android.AndroidDriver.findElementByXPath(String)" because "qa.mobile.test1.driver" is null
at qa.mobile.test1.usuarioInvalido(test1.java:30)
at java.base/java.util.ArrayList.forEach(ArrayList.java:1511)
... Removed 27 stack frames]]>
    </failure>
  </testcase> <!-- usuarioInvalido -->
</testsuite> <!-- Test -->
