<?xml version="1.0" encoding="UTF-8"?>
<testng-results ignored="2" total="3" passed="1" failed="0" skipped="0">
  <reporter-output>
  </reporter-output>
  <suite started-at="2021-05-24T16:37:44 CLT" name="Default suite" finished-at="2021-05-24T16:38:51 CLT" duration-ms="67521">
    <groups>
    </groups>
    <test started-at="2021-05-24T16:37:44 CLT" name="Default test" finished-at="2021-05-24T16:38:51 CLT" duration-ms="67521">
      <class name="qa.mobile.SeleccionDeProducto">
        <test-method signature="seleccionMaximaDeProducto()[pri:0, instance:qa.mobile.SeleccionDeProducto@1151e434]" started-at="2021-05-24T16:37:44 CLT" name="seleccionMaximaDeProducto" finished-at="2021-05-24T16:38:36 CLT" duration-ms="52566" status="PASS">
          <reporter-output>
          </reporter-output>
        </test-method> <!-- seleccionMaximaDeProducto -->
        <test-method is-config="true" signature="afterTest()[pri:0, instance:qa.mobile.SeleccionDeProducto@1151e434]" started-at="2021-05-24T16:38:36 CLT" name="afterTest" finished-at="2021-05-24T16:38:51 CLT" duration-ms="14915" status="PASS">
          <reporter-output>
          </reporter-output>
        </test-method> <!-- afterTest -->
      </class> <!-- qa.mobile.SeleccionDeProducto -->
    </test> <!-- Default test -->
  </suite> <!-- Default suite -->
</testng-results>
